<?xml version="1.0" encoding="UTF-8"?>
<!-- Generated by org.testng.reporters.JUnitReportReporter -->
<testsuite skipped="0" hostname="Pavels-MacBook-Air.local" name="core.SfariTest2" tests="1" failures="0" timestamp="03 Aug 2019 19:31:07 GMT" time="0.023" errors="0">
  <testcase name="numOfFriendsTest" time="0.023" classname="core.SfariTest2"/>
</testsuite> <!-- core.SfariTest2 -->
