<?xml version="1.0" encoding="UTF-8"?>
<!-- Generated by org.testng.reporters.JUnitReportReporter -->
<testsuite skipped="0" hostname="Pavels-MacBook-Air.local" name="core.SafariTest" tests="3" failures="0" timestamp="03 Aug 2019 19:56:52 GMT" time="10.363" errors="0">
  <testcase name="getCopyRightTest" time="0.029" classname="core.SafariTest"/>
  <testcase name="getTitleWebPageTest" time="0.011" classname="core.SafariTest"/>
  <testcase name="logInTest" time="10.323" classname="core.SafariTest"/>
</testsuite> <!-- core.SafariTest -->
